2026-03-26 17:58:28,466 - WARNING - (trapped) error reading bcrypt version
Traceback (most recent call last):
  File "C:\python_tasks\day_4\loanhub\venv\Lib\site-packages\passlib\handlers\bcrypt.py", line 620, in _load_backend_mixin
    version = _bcrypt.__about__.__version__
              ^^^^^^^^^^^^^^^^^
AttributeError: module 'bcrypt' has no attribute '__about__'
2026-03-26 18:00:44,352 - INFO - Admin user seeded successfully.
2026-03-26 18:01:39,359 - INFO - GET / | 404 | 0ms
2026-03-26 18:01:39,476 - INFO - GET /favicon.ico | 404 | 0ms
2026-03-26 18:01:56,864 - INFO - GET / | 404 | 1ms
2026-03-26 18:02:20,661 - INFO - GET /doc | 404 | 1ms
2026-03-26 18:03:17,411 - INFO - GET /docs | 200 | 1ms
2026-03-26 18:03:17,641 - INFO - GET /openapi.json | 200 | 104ms
2026-03-26 18:03:34,982 - INFO - GET /health | 200 | 222ms
2026-03-26 18:04:11,403 - INFO - GET /loans/my | 401 | 29ms
2026-03-26 18:04:12,949 - INFO - GET /loans/my | 401 | 1ms
2026-03-26 18:05:44,407 - INFO - POST /auth/register | 422 | 24ms
2026-03-26 18:07:14,808 - INFO - POST /auth/register | 422 | 9ms
2026-03-26 18:07:43,242 - INFO - POST /auth/register | 422 | 3ms
2026-03-26 18:08:18,697 - INFO - POST /auth/register | 422 | 5ms
2026-03-26 18:08:35,229 - INFO - User registered: saiganesh
2026-03-26 18:08:35,231 - INFO - [TIMER] UserService.register executed in 1.0197s
2026-03-26 18:08:35,234 - INFO - POST /auth/register | 201 | 1025ms
2026-03-26 18:09:19,448 - INFO - User logged in: saiganesh (role=UserRole.user)
2026-03-26 18:09:19,449 - INFO - [TIMER] UserService.authenticate executed in 0.6662s
2026-03-26 18:09:19,467 - INFO - POST /auth/login | 200 | 688ms
2026-03-26 18:09:47,351 - INFO - GET /loans/my | 401 | 1ms
2026-03-26 18:10:25,865 - INFO - POST /loans | 401 | 3ms
2026-03-26 18:11:21,073 - INFO - GET /login | 404 | 1ms
2026-03-26 18:12:39,062 - INFO - POST /login | 404 | 0ms
2026-03-26 18:13:45,548 - INFO - POST /login/ | 404 | 0ms
2026-03-26 18:14:16,922 - INFO - POST /login | 404 | 0ms
2026-03-26 18:15:42,742 - INFO - POST /login | 404 | 1ms
2026-03-26 18:16:21,179 - INFO - POST /loans/ | 307 | 0ms
2026-03-26 18:16:21,394 - INFO - POST /loans | 422 | 212ms
2026-03-26 18:17:10,321 - INFO - POST /loans/ | 307 | 1ms
2026-03-26 18:17:10,931 - INFO - [TIMER] LoanService.apply executed in 0.4617s
2026-03-26 18:17:10,935 - INFO - POST /loans | 201 | 607ms
2026-03-26 18:26:49,540 - INFO - POST /loans/my | 405 | 0ms
2026-03-26 18:27:11,321 - INFO - GET /loans/my | 401 | 0ms
2026-03-26 18:28:30,631 - INFO - GET /loans/my/1 | 401 | 1ms
2026-03-26 18:29:55,997 - INFO - User logged in: admin (role=UserRole.admin)
2026-03-26 18:29:55,997 - INFO - [TIMER] UserService.authenticate executed in 1.7809s
2026-03-26 18:29:55,999 - INFO - POST /auth/login | 200 | 1784ms
2026-03-26 18:31:40,206 - INFO - POST /admin/loans | 405 | 0ms
2026-03-26 18:31:58,260 - INFO - GET /admin/loans | 200 | 155ms
2026-03-26 18:32:16,828 - INFO - User logged in: saiganesh (role=UserRole.user)
2026-03-26 18:32:16,828 - INFO - [TIMER] UserService.authenticate executed in 0.3801s
2026-03-26 18:32:16,829 - INFO - POST /auth/login | 200 | 382ms
2026-03-26 18:32:54,257 - INFO - GET /loans/my | 200 | 202ms
2026-03-26 18:34:26,918 - INFO - GET /loans/1 | 404 | 0ms
2026-03-26 18:34:50,937 - INFO - GET /loans/ | 307 | 0ms
2026-03-26 18:34:50,939 - INFO - GET /loans | 405 | 0ms
2026-03-26 18:35:03,108 - INFO - GET /loans/my/1 | 401 | 0ms
2026-03-26 18:35:33,701 - INFO - GET /loans/my/1 | 200 | 249ms
2026-03-26 18:35:58,918 - INFO - User logged in: admin (role=UserRole.admin)
2026-03-26 18:35:58,918 - INFO - [TIMER] UserService.authenticate executed in 0.4602s
2026-03-26 18:35:58,919 - INFO - POST /auth/login | 200 | 463ms
2026-03-26 19:00:33,020 - INFO - User registered: ganesh
2026-03-26 19:00:33,021 - INFO - [TIMER] UserService.register executed in 1.3658s
2026-03-26 19:00:33,024 - INFO - POST /auth/register | 201 | 1372ms
2026-03-26 19:01:09,235 - INFO - User logged in: ganesh (role=UserRole.user)
2026-03-26 19:01:09,236 - INFO - [TIMER] UserService.authenticate executed in 0.7146s
2026-03-26 19:01:09,239 - INFO - POST /auth/login | 200 | 720ms
2026-03-26 19:01:51,807 - INFO - GET /loans/my/1 | 404 | 238ms
2026-03-26 19:03:22,212 - INFO - POST /loans | 422 | 231ms
2026-03-26 19:05:08,116 - INFO - [TIMER] LoanService.apply executed in 0.3502s
2026-03-26 19:05:08,118 - INFO - POST /loans | 201 | 532ms
2026-03-26 19:05:25,459 - INFO - GET /loans/my | 200 | 254ms
2026-03-26 19:05:33,619 - INFO - GET /loans/my/1 | 404 | 241ms
2026-03-27 09:54:36,345 - INFO - Admin user already exists.
2026-03-27 10:00:20,060 - INFO - User logged in: admin (role=UserRole.admin)
2026-03-27 10:00:20,063 - INFO - [TIMER] UserService.authenticate executed in 0.4435s
2026-03-27 10:00:20,078 - INFO - POST /auth/login | 200 | 463ms
2026-03-27 10:02:08,874 - INFO - GET /admin/loans | 200 | 142ms
2026-03-27 10:04:08,850 - WARNING - Wrong password for user: ganesh
2026-03-27 10:04:08,905 - INFO - POST /auth/login | 401 | 704ms
2026-03-27 10:04:17,754 - WARNING - Wrong password for user: ganesh
2026-03-27 10:04:17,799 - INFO - POST /auth/login | 401 | 744ms
2026-03-27 10:04:26,282 - WARNING - Wrong password for user: ganesh
2026-03-27 10:04:26,338 - INFO - POST /auth/login | 401 | 771ms
2026-03-27 10:06:12,059 - WARNING - Wrong password for user: ganesh
2026-03-27 10:06:12,110 - INFO - POST /auth/login | 401 | 771ms
2026-03-27 10:06:18,534 - WARNING - Wrong password for user: ganesh
2026-03-27 10:06:18,602 - INFO - POST /auth/login | 401 | 775ms
2026-03-27 10:06:35,213 - WARNING - Wrong password for user: ganesh
2026-03-27 10:06:35,268 - INFO - POST /auth/login | 401 | 772ms
2026-03-27 10:06:40,295 - WARNING - Wrong password for user: ganesh
2026-03-27 10:06:40,341 - INFO - POST /auth/login | 401 | 678ms
2026-03-27 10:06:55,551 - WARNING - Wrong password for user: saiganesh
2026-03-27 10:06:55,611 - INFO - POST /auth/login | 401 | 694ms
2026-03-27 10:07:02,129 - WARNING - Wrong password for user: saiganesh
2026-03-27 10:07:02,174 - INFO - POST /auth/login | 401 | 696ms
2026-03-27 10:07:11,830 - WARNING - Wrong password for user: saiganesh
2026-03-27 10:07:11,884 - INFO - POST /auth/login | 401 | 724ms
2026-03-27 10:07:17,243 - WARNING - Wrong password for user: saiganesh
2026-03-27 10:07:17,291 - INFO - POST /auth/login | 401 | 714ms
2026-03-27 10:07:22,543 - WARNING - Wrong password for user: saiganesh
2026-03-27 10:07:22,588 - INFO - POST /auth/login | 401 | 580ms
2026-03-27 10:07:27,483 - INFO - User logged in: saiganesh (role=UserRole.user)
2026-03-27 10:07:27,483 - INFO - [TIMER] UserService.authenticate executed in 0.6719s
2026-03-27 10:07:27,486 - INFO - POST /auth/login | 200 | 677ms
2026-03-27 10:08:02,800 - INFO - GET /admin/loans | 403 | 3ms
2026-03-27 10:13:32,877 - INFO - GET /loans/my/2 | 404 | 307ms
2026-03-27 10:13:52,765 - INFO - GET /loans/my/1 | 200 | 190ms
2026-03-27 10:14:07,279 - INFO - GET /loans/my/2 | 404 | 220ms
2026-03-27 10:14:42,338 - INFO - GET /loans/my | 200 | 182ms
2026-03-27 10:15:21,244 - INFO - GET //analytics/summary | 404 | 0ms
2026-03-27 10:15:39,940 - INFO - GET //analytics/summary | 404 | 0ms
2026-03-27 11:51:26,121 - INFO - Admin user already exists.
2026-03-27 11:51:30,610 - INFO - GET /auth/login | 405 | 0ms
2026-03-27 11:51:56,160 - INFO - User logged in: saiganesh (role=UserRole.user)
2026-03-27 11:51:56,161 - INFO - [TIMER] UserService.authenticate executed in 0.4687s
2026-03-27 11:51:56,173 - INFO - POST /auth/login | 200 | 494ms
2026-03-27 11:52:35,749 - INFO - GET /loans/my | 200 | 306ms
2026-03-27 11:53:01,761 - INFO - GET /docs | 200 | 1ms
2026-03-27 11:53:02,043 - INFO - GET /openapi.json | 200 | 87ms
2026-03-27 11:53:33,033 - INFO - POST /auth/login | 422 | 4ms
2026-03-27 12:01:11,276 - INFO - GET /loans/my/1 | 200 | 248ms
2026-03-27 12:01:24,085 - INFO - GET /loans/my/2 | 404 | 240ms
2026-03-27 12:02:51,070 - INFO - GET /loans/my/1 | 200 | 236ms
2026-03-27 12:04:18,303 - INFO - User logged in: admin (role=UserRole.admin)
2026-03-27 12:04:18,303 - INFO - [TIMER] UserService.authenticate executed in 0.6901s
2026-03-27 12:04:18,306 - INFO - POST /auth/login | 200 | 696ms
2026-03-27 12:05:03,353 - INFO - GET /admin/loans | 200 | 174ms
2026-03-27 12:05:54,797 - INFO - GET /loans/my/1 | 404 | 276ms
2026-03-27 12:07:59,025 - INFO - GET /admin/loans/1 | 200 | 134ms
2026-03-27 12:08:08,034 - INFO - GET /admin/loans/2 | 200 | 142ms
2026-03-27 12:09:55,080 - INFO - User logged in: saiganesh (role=UserRole.user)
2026-03-27 12:09:55,090 - INFO - [TIMER] UserService.authenticate executed in 0.7014s
2026-03-27 12:09:55,094 - INFO - POST /auth/login | 200 | 708ms
2026-03-27 12:11:03,288 - INFO - GET /admin/loans/2 | 403 | 3ms
2026-03-27 12:12:22,176 - INFO - GET /admin/loans/2 | 200 | 208ms
2026-03-27 12:12:56,930 - INFO - POST /loans/my/1 | 405 | 1ms
2026-03-27 12:13:03,008 - INFO - GET /loans/my/1 | 404 | 228ms
2026-03-27 12:13:11,522 - INFO - GET /loans/my/2 | 404 | 243ms
2026-03-27 12:13:22,704 - INFO - GET /loans/my/2 | 404 | 238ms
2026-03-27 12:13:26,862 - INFO - GET /loans/my/1 | 200 | 184ms
2026-03-27 12:14:35,781 - INFO - GET /loans/my/2 | 404 | 256ms
2026-03-27 12:14:50,543 - INFO - GET /admin/loans | 200 | 316ms
2026-03-27 12:15:03,803 - INFO - GET /admin/loans | 403 | 3ms
2026-03-27 12:21:12,357 - INFO - Admin user already exists.
2026-03-27 12:21:26,991 - INFO - GET /admin/loans | 200 | 166ms
2026-03-27 12:22:04,643 - INFO - Admin user already exists.
2026-03-27 12:22:07,482 - INFO - GET /admin/loans | 403 | 39ms
2026-03-27 14:43:46,858 - INFO - Admin user already exists.
2026-03-27 15:12:18,989 - INFO - PATCH /admin/loans/1/review | 401 | 23ms
2026-03-27 15:33:23,414 - INFO - Admin user already exists.
2026-03-27 15:33:31,831 - INFO - Admin user already exists.
2026-03-27 15:33:33,783 - INFO - Admin user already exists.
2026-03-27 15:33:36,364 - INFO - Admin user already exists.
2026-03-27 15:33:38,336 - INFO - Admin user already exists.
2026-03-27 15:34:00,159 - INFO - Admin user already exists.
2026-03-27 19:03:56,929 - INFO - Admin user already exists.
2026-03-27 19:05:20,959 - INFO - User logged in: saiganesh (role=UserRole.user)
2026-03-27 19:05:20,959 - INFO - [TIMER] UserService.authenticate executed in 0.7504s
2026-03-27 19:05:20,979 - INFO - POST /auth/login | 200 | 797ms
2026-03-27 19:05:58,702 - INFO - GET /loans/my/1 | 200 | 242ms
2026-03-30 11:40:35,709 - INFO - Admin user already exists.
2026-03-30 11:41:22,998 - INFO - GET /auth/login | 405 | 1ms
2026-03-30 11:41:54,465 - INFO - User logged in: saiganesh (role=UserRole.user)
2026-03-30 11:41:54,465 - INFO - [TIMER] UserService.authenticate executed in 0.7543s
2026-03-30 11:41:54,504 - INFO - POST /auth/login | 200 | 821ms
2026-03-30 11:43:16,301 - INFO - User logged in: admin (role=UserRole.admin)
2026-03-30 11:43:16,301 - INFO - [TIMER] UserService.authenticate executed in 0.6807s
2026-03-30 11:43:16,304 - INFO - POST /auth/login | 200 | 686ms
2026-03-30 11:44:06,894 - INFO - GET /admin/loans | 200 | 811ms
2026-03-30 11:44:42,359 - INFO - GET /admin/loans | 401 | 3ms
2026-03-30 11:45:13,835 - INFO - GET /auth/login | 405 | 1ms
2026-03-30 11:45:21,106 - INFO - User logged in: saiganesh (role=UserRole.user)
2026-03-30 11:45:21,107 - INFO - [TIMER] UserService.authenticate executed in 0.6975s
2026-03-30 11:45:21,110 - INFO - POST /auth/login | 200 | 703ms
2026-03-30 11:45:34,891 - INFO - User logged in: saiganesh (role=UserRole.user)
2026-03-30 11:45:34,892 - INFO - [TIMER] UserService.authenticate executed in 0.7046s
2026-03-30 11:45:34,895 - INFO - POST /auth/login | 200 | 711ms
2026-03-30 11:46:01,505 - INFO - GET /admin/loans | 403 | 3ms
